The system is: Linux - 4.15.0-65-generic - x86_64
Compiling the C compiler identification source file "CMakeCCompilerId.c" succeeded.
Compiler: /home/boqin/Env/llvm/bin/clang 
Build flags: 
Id flags:  

The output was:
0


Compilation of the C compiler identification source "CMakeCCompilerId.c" produced "a.out"

The C compiler identification is Clang, found in "/home/boqin/Projects/Instrument/RustBugDetector/cmake-build-debug/CMakeFiles/3.15.3/CompilerIdC/a.out"

Compiling the CXX compiler identification source file "CMakeCXXCompilerId.cpp" succeeded.
Compiler: /home/boqin/Env/llvm/bin/clang++ 
Build flags: 
Id flags:  

The output was:
0


Compilation of the CXX compiler identification source "CMakeCXXCompilerId.cpp" produced "a.out"

The CXX compiler identification is Clang, found in "/home/boqin/Projects/Instrument/RustBugDetector/cmake-build-debug/CMakeFiles/3.15.3/CompilerIdCXX/a.out"

Determining if the C compiler works passed with the following output:
Change Dir: /home/boqin/Projects/Instrument/RustBugDetector/cmake-build-debug/CMakeFiles/CMakeTmp

Run Build Command(s):/usr/bin/make cmTC_266ea/fast && /usr/bin/make -f CMakeFiles/cmTC_266ea.dir/build.make CMakeFiles/cmTC_266ea.dir/build
make[1]: Entering directory '/home/boqin/Projects/Instrument/RustBugDetector/cmake-build-debug/CMakeFiles/CMakeTmp'
Building C object CMakeFiles/cmTC_266ea.dir/testCCompiler.c.o
/home/boqin/Env/llvm/bin/clang    -o CMakeFiles/cmTC_266ea.dir/testCCompiler.c.o   -c /home/boqin/Projects/Instrument/RustBugDetector/cmake-build-debug/CMakeFiles/CMakeTmp/testCCompiler.c
Linking C executable cmTC_266ea
/snap/clion/88/bin/cmake/linux/bin/cmake -E cmake_link_script CMakeFiles/cmTC_266ea.dir/link.txt --verbose=1
/home/boqin/Env/llvm/bin/clang      -rdynamic CMakeFiles/cmTC_266ea.dir/testCCompiler.c.o  -o cmTC_266ea 
make[1]: Leaving directory '/home/boqin/Projects/Instrument/RustBugDetector/cmake-build-debug/CMakeFiles/CMakeTmp'



Detecting C compiler ABI info compiled with the following output:
Change Dir: /home/boqin/Projects/Instrument/RustBugDetector/cmake-build-debug/CMakeFiles/CMakeTmp

Run Build Command(s):/usr/bin/make cmTC_8a84b/fast && /usr/bin/make -f CMakeFiles/cmTC_8a84b.dir/build.make CMakeFiles/cmTC_8a84b.dir/build
make[1]: Entering directory '/home/boqin/Projects/Instrument/RustBugDetector/cmake-build-debug/CMakeFiles/CMakeTmp'
Building C object CMakeFiles/cmTC_8a84b.dir/CMakeCCompilerABI.c.o
/home/boqin/Env/llvm/bin/clang   -v -o CMakeFiles/cmTC_8a84b.dir/CMakeCCompilerABI.c.o   -c /snap/clion/88/bin/cmake/linux/share/cmake-3.15/Modules/CMakeCCompilerABI.c
clang version 8.0.0 (tags/RELEASE_800/final)
Target: x86_64-unknown-linux-gnu
Thread model: posix
InstalledDir: /home/boqin/Env/llvm/bin
Found candidate GCC installation: /usr/lib/gcc/x86_64-linux-gnu/5
Found candidate GCC installation: /usr/lib/gcc/x86_64-linux-gnu/5.4.0
Found candidate GCC installation: /usr/lib/gcc/x86_64-linux-gnu/6
Found candidate GCC installation: /usr/lib/gcc/x86_64-linux-gnu/6.0.0
Selected GCC installation: /usr/lib/gcc/x86_64-linux-gnu/5.4.0
Candidate multilib: .;@m64
Candidate multilib: 32;@m32
Candidate multilib: x32;@mx32
Selected multilib: .;@m64
 "/home/boqin/Env/llvm8.0/bin/clang-8" -cc1 -triple x86_64-unknown-linux-gnu -emit-obj -mrelax-all -disable-free -disable-llvm-verifier -discard-value-names -main-file-name CMakeCCompilerABI.c -mrelocation-model static -mthread-model posix -mdisable-fp-elim -fmath-errno -masm-verbose -mconstructor-aliases -munwind-tables -fuse-init-array -target-cpu x86-64 -dwarf-column-info -debugger-tuning=gdb -v -coverage-notes-file /home/boqin/Projects/Instrument/RustBugDetector/cmake-build-debug/CMakeFiles/CMakeTmp/CMakeFiles/cmTC_8a84b.dir/CMakeCCompilerABI.c.gcno -resource-dir /home/boqin/Env/llvm8.0/lib/clang/8.0.0 -internal-isystem /usr/local/include -internal-isystem /home/boqin/Env/llvm8.0/lib/clang/8.0.0/include -internal-externc-isystem /usr/include/x86_64-linux-gnu -internal-externc-isystem /include -internal-externc-isystem /usr/include -fdebug-compilation-dir /home/boqin/Projects/Instrument/RustBugDetector/cmake-build-debug/CMakeFiles/CMakeTmp -ferror-limit 19 -fmessage-length 0 -fobjc-runtime=gcc -fdiagnostics-show-option -o CMakeFiles/cmTC_8a84b.dir/CMakeCCompilerABI.c.o -x c /snap/clion/88/bin/cmake/linux/share/cmake-3.15/Modules/CMakeCCompilerABI.c -faddrsig
clang -cc1 version 8.0.0 based upon LLVM 8.0.0 default target x86_64-unknown-linux-gnu
ignoring nonexistent directory "/include"
#include "..." search starts here:
#include <...> search starts here:
 /usr/local/include
 /home/boqin/Env/llvm8.0/lib/clang/8.0.0/include
 /usr/include/x86_64-linux-gnu
 /usr/include
End of search list.
Linking C executable cmTC_8a84b
/snap/clion/88/bin/cmake/linux/bin/cmake -E cmake_link_script CMakeFiles/cmTC_8a84b.dir/link.txt --verbose=1
/home/boqin/Env/llvm/bin/clang     -v -rdynamic CMakeFiles/cmTC_8a84b.dir/CMakeCCompilerABI.c.o  -o cmTC_8a84b 
clang version 8.0.0 (tags/RELEASE_800/final)
Target: x86_64-unknown-linux-gnu
Thread model: posix
InstalledDir: /home/boqin/Env/llvm/bin
Found candidate GCC installation: /usr/lib/gcc/x86_64-linux-gnu/5
Found candidate GCC installation: /usr/lib/gcc/x86_64-linux-gnu/5.4.0
Found candidate GCC installation: /usr/lib/gcc/x86_64-linux-gnu/6
Found candidate GCC installation: /usr/lib/gcc/x86_64-linux-gnu/6.0.0
Selected GCC installation: /usr/lib/gcc/x86_64-linux-gnu/5.4.0
Candidate multilib: .;@m64
Candidate multilib: 32;@m32
Candidate multilib: x32;@mx32
Selected multilib: .;@m64
 "/usr/bin/ld" -export-dynamic -z relro --hash-style=gnu --eh-frame-hdr -m elf_x86_64 -export-dynamic -dynamic-linker /lib64/ld-linux-x86-64.so.2 -o cmTC_8a84b /usr/lib/gcc/x86_64-linux-gnu/5.4.0/../../../x86_64-linux-gnu/crt1.o /usr/lib/gcc/x86_64-linux-gnu/5.4.0/../../../x86_64-linux-gnu/crti.o /usr/lib/gcc/x86_64-linux-gnu/5.4.0/crtbegin.o -L/usr/lib/gcc/x86_64-linux-gnu/5.4.0 -L/usr/lib/gcc/x86_64-linux-gnu/5.4.0/../../../x86_64-linux-gnu -L/lib/x86_64-linux-gnu -L/lib/../lib64 -L/usr/lib/x86_64-linux-gnu -L/usr/lib/gcc/x86_64-linux-gnu/5.4.0/../../.. -L/home/boqin/Env/llvm8.0/bin/../lib -L/lib -L/usr/lib CMakeFiles/cmTC_8a84b.dir/CMakeCCompilerABI.c.o -lgcc --as-needed -lgcc_s --no-as-needed -lc -lgcc --as-needed -lgcc_s --no-as-needed /usr/lib/gcc/x86_64-linux-gnu/5.4.0/crtend.o /usr/lib/gcc/x86_64-linux-gnu/5.4.0/../../../x86_64-linux-gnu/crtn.o
make[1]: Leaving directory '/home/boqin/Projects/Instrument/RustBugDetector/cmake-build-debug/CMakeFiles/CMakeTmp'



Parsed C implicit include dir info from above output: rv=done
  found start of include info
  found start of implicit include info
    add: [/usr/local/include]
    add: [/home/boqin/Env/llvm8.0/lib/clang/8.0.0/include]
    add: [/usr/include/x86_64-linux-gnu]
    add: [/usr/include]
  end of search list found
  collapse include dir [/usr/local/include] ==> [/usr/local/include]
  collapse include dir [/home/boqin/Env/llvm8.0/lib/clang/8.0.0/include] ==> [/home/boqin/Env/llvm8.0/lib/clang/8.0.0/include]
  collapse include dir [/usr/include/x86_64-linux-gnu] ==> [/usr/include/x86_64-linux-gnu]
  collapse include dir [/usr/include] ==> [/usr/include]
  implicit include dirs: [/usr/local/include;/home/boqin/Env/llvm8.0/lib/clang/8.0.0/include;/usr/include/x86_64-linux-gnu;/usr/include]


Parsed C implicit link information from above output:
  link line regex: [^( *|.*[/\])(ld|CMAKE_LINK_STARTFILE-NOTFOUND|([^/\]+-)?ld|collect2)[^/\]*( |$)]
  ignore line: [Change Dir: /home/boqin/Projects/Instrument/RustBugDetector/cmake-build-debug/CMakeFiles/CMakeTmp]
  ignore line: []
  ignore line: [Run Build Command(s):/usr/bin/make cmTC_8a84b/fast && /usr/bin/make -f CMakeFiles/cmTC_8a84b.dir/build.make CMakeFiles/cmTC_8a84b.dir/build]
  ignore line: [make[1]: Entering directory '/home/boqin/Projects/Instrument/RustBugDetector/cmake-build-debug/CMakeFiles/CMakeTmp']
  ignore line: [Building C object CMakeFiles/cmTC_8a84b.dir/CMakeCCompilerABI.c.o]
  ignore line: [/home/boqin/Env/llvm/bin/clang   -v -o CMakeFiles/cmTC_8a84b.dir/CMakeCCompilerABI.c.o   -c /snap/clion/88/bin/cmake/linux/share/cmake-3.15/Modules/CMakeCCompilerABI.c]
  ignore line: [clang version 8.0.0 (tags/RELEASE_800/final)]
  ignore line: [Target: x86_64-unknown-linux-gnu]
  ignore line: [Thread model: posix]
  ignore line: [InstalledDir: /home/boqin/Env/llvm/bin]
  ignore line: [Found candidate GCC installation: /usr/lib/gcc/x86_64-linux-gnu/5]
  ignore line: [Found candidate GCC installation: /usr/lib/gcc/x86_64-linux-gnu/5.4.0]
  ignore line: [Found candidate GCC installation: /usr/lib/gcc/x86_64-linux-gnu/6]
  ignore line: [Found candidate GCC installation: /usr/lib/gcc/x86_64-linux-gnu/6.0.0]
  ignore line: [Selected GCC installation: /usr/lib/gcc/x86_64-linux-gnu/5.4.0]
  ignore line: [Candidate multilib: .]
  ignore line: [@m64]
  ignore line: [Candidate multilib: 32]
  ignore line: [@m32]
  ignore line: [Candidate multilib: x32]
  ignore line: [@mx32]
  ignore line: [Selected multilib: .]
  ignore line: [@m64]
  ignore line: [ "/home/boqin/Env/llvm8.0/bin/clang-8" -cc1 -triple x86_64-unknown-linux-gnu -emit-obj -mrelax-all -disable-free -disable-llvm-verifier -discard-value-names -main-file-name CMakeCCompilerABI.c -mrelocation-model static -mthread-model posix -mdisable-fp-elim -fmath-errno -masm-verbose -mconstructor-aliases -munwind-tables -fuse-init-array -target-cpu x86-64 -dwarf-column-info -debugger-tuning=gdb -v -coverage-notes-file /home/boqin/Projects/Instrument/RustBugDetector/cmake-build-debug/CMakeFiles/CMakeTmp/CMakeFiles/cmTC_8a84b.dir/CMakeCCompilerABI.c.gcno -resource-dir /home/boqin/Env/llvm8.0/lib/clang/8.0.0 -internal-isystem /usr/local/include -internal-isystem /home/boqin/Env/llvm8.0/lib/clang/8.0.0/include -internal-externc-isystem /usr/include/x86_64-linux-gnu -internal-externc-isystem /include -internal-externc-isystem /usr/include -fdebug-compilation-dir /home/boqin/Projects/Instrument/RustBugDetector/cmake-build-debug/CMakeFiles/CMakeTmp -ferror-limit 19 -fmessage-length 0 -fobjc-runtime=gcc -fdiagnostics-show-option -o CMakeFiles/cmTC_8a84b.dir/CMakeCCompilerABI.c.o -x c /snap/clion/88/bin/cmake/linux/share/cmake-3.15/Modules/CMakeCCompilerABI.c -faddrsig]
  ignore line: [clang -cc1 version 8.0.0 based upon LLVM 8.0.0 default target x86_64-unknown-linux-gnu]
  ignore line: [ignoring nonexistent directory "/include"]
  ignore line: [#include "..." search starts here:]
  ignore line: [#include <...> search starts here:]
  ignore line: [ /usr/local/include]
  ignore line: [ /home/boqin/Env/llvm8.0/lib/clang/8.0.0/include]
  ignore line: [ /usr/include/x86_64-linux-gnu]
  ignore line: [ /usr/include]
  ignore line: [End of search list.]
  ignore line: [Linking C executable cmTC_8a84b]
  ignore line: [/snap/clion/88/bin/cmake/linux/bin/cmake -E cmake_link_script CMakeFiles/cmTC_8a84b.dir/link.txt --verbose=1]
  ignore line: [/home/boqin/Env/llvm/bin/clang     -v -rdynamic CMakeFiles/cmTC_8a84b.dir/CMakeCCompilerABI.c.o  -o cmTC_8a84b ]
  ignore line: [clang version 8.0.0 (tags/RELEASE_800/final)]
  ignore line: [Target: x86_64-unknown-linux-gnu]
  ignore line: [Thread model: posix]
  ignore line: [InstalledDir: /home/boqin/Env/llvm/bin]
  ignore line: [Found candidate GCC installation: /usr/lib/gcc/x86_64-linux-gnu/5]
  ignore line: [Found candidate GCC installation: /usr/lib/gcc/x86_64-linux-gnu/5.4.0]
  ignore line: [Found candidate GCC installation: /usr/lib/gcc/x86_64-linux-gnu/6]
  ignore line: [Found candidate GCC installation: /usr/lib/gcc/x86_64-linux-gnu/6.0.0]
  ignore line: [Selected GCC installation: /usr/lib/gcc/x86_64-linux-gnu/5.4.0]
  ignore line: [Candidate multilib: .]
  ignore line: [@m64]
  ignore line: [Candidate multilib: 32]
  ignore line: [@m32]
  ignore line: [Candidate multilib: x32]
  ignore line: [@mx32]
  ignore line: [Selected multilib: .]
  ignore line: [@m64]
  link line: [ "/usr/bin/ld" -export-dynamic -z relro --hash-style=gnu --eh-frame-hdr -m elf_x86_64 -export-dynamic -dynamic-linker /lib64/ld-linux-x86-64.so.2 -o cmTC_8a84b /usr/lib/gcc/x86_64-linux-gnu/5.4.0/../../../x86_64-linux-gnu/crt1.o /usr/lib/gcc/x86_64-linux-gnu/5.4.0/../../../x86_64-linux-gnu/crti.o /usr/lib/gcc/x86_64-linux-gnu/5.4.0/crtbegin.o -L/usr/lib/gcc/x86_64-linux-gnu/5.4.0 -L/usr/lib/gcc/x86_64-linux-gnu/5.4.0/../../../x86_64-linux-gnu -L/lib/x86_64-linux-gnu -L/lib/../lib64 -L/usr/lib/x86_64-linux-gnu -L/usr/lib/gcc/x86_64-linux-gnu/5.4.0/../../.. -L/home/boqin/Env/llvm8.0/bin/../lib -L/lib -L/usr/lib CMakeFiles/cmTC_8a84b.dir/CMakeCCompilerABI.c.o -lgcc --as-needed -lgcc_s --no-as-needed -lc -lgcc --as-needed -lgcc_s --no-as-needed /usr/lib/gcc/x86_64-linux-gnu/5.4.0/crtend.o /usr/lib/gcc/x86_64-linux-gnu/5.4.0/../../../x86_64-linux-gnu/crtn.o]
    arg [/usr/bin/ld] ==> ignore
    arg [-export-dynamic] ==> ignore
    arg [-zrelro] ==> ignore
    arg [--hash-style=gnu] ==> ignore
    arg [--eh-frame-hdr] ==> ignore
    arg [-m] ==> ignore
    arg [elf_x86_64] ==> ignore
    arg [-export-dynamic] ==> ignore
    arg [-dynamic-linker] ==> ignore
    arg [/lib64/ld-linux-x86-64.so.2] ==> ignore
    arg [-o] ==> ignore
    arg [cmTC_8a84b] ==> ignore
    arg [/usr/lib/gcc/x86_64-linux-gnu/5.4.0/../../../x86_64-linux-gnu/crt1.o] ==> ignore
    arg [/usr/lib/gcc/x86_64-linux-gnu/5.4.0/../../../x86_64-linux-gnu/crti.o] ==> ignore
    arg [/usr/lib/gcc/x86_64-linux-gnu/5.4.0/crtbegin.o] ==> ignore
    arg [-L/usr/lib/gcc/x86_64-linux-gnu/5.4.0] ==> dir [/usr/lib/gcc/x86_64-linux-gnu/5.4.0]
    arg [-L/usr/lib/gcc/x86_64-linux-gnu/5.4.0/../../../x86_64-linux-gnu] ==> dir [/usr/lib/gcc/x86_64-linux-gnu/5.4.0/../../../x86_64-linux-gnu]
    arg [-L/lib/x86_64-linux-gnu] ==> dir [/lib/x86_64-linux-gnu]
    arg [-L/lib/../lib64] ==> dir [/lib/../lib64]
    arg [-L/usr/lib/x86_64-linux-gnu] ==> dir [/usr/lib/x86_64-linux-gnu]
    arg [-L/usr/lib/gcc/x86_64-linux-gnu/5.4.0/../../..] ==> dir [/usr/lib/gcc/x86_64-linux-gnu/5.4.0/../../..]
    arg [-L/home/boqin/Env/llvm8.0/bin/../lib] ==> dir [/home/boqin/Env/llvm8.0/bin/../lib]
    arg [-L/lib] ==> dir [/lib]
    arg [-L/usr/lib] ==> dir [/usr/lib]
    arg [CMakeFiles/cmTC_8a84b.dir/CMakeCCompilerABI.c.o] ==> ignore
    arg [-lgcc] ==> lib [gcc]
    arg [--as-needed] ==> ignore
    arg [-lgcc_s] ==> lib [gcc_s]
    arg [--no-as-needed] ==> ignore
    arg [-lc] ==> lib [c]
    arg [-lgcc] ==> lib [gcc]
    arg [--as-needed] ==> ignore
    arg [-lgcc_s] ==> lib [gcc_s]
    arg [--no-as-needed] ==> ignore
    arg [/usr/lib/gcc/x86_64-linux-gnu/5.4.0/crtend.o] ==> ignore
    arg [/usr/lib/gcc/x86_64-linux-gnu/5.4.0/../../../x86_64-linux-gnu/crtn.o] ==> ignore
  collapse library dir [/usr/lib/gcc/x86_64-linux-gnu/5.4.0] ==> [/usr/lib/gcc/x86_64-linux-gnu/5.4.0]
  collapse library dir [/usr/lib/gcc/x86_64-linux-gnu/5.4.0/../../../x86_64-linux-gnu] ==> [/usr/lib/x86_64-linux-gnu]
  collapse library dir [/lib/x86_64-linux-gnu] ==> [/lib/x86_64-linux-gnu]
  collapse library dir [/lib/../lib64] ==> [/lib64]
  collapse library dir [/usr/lib/x86_64-linux-gnu] ==> [/usr/lib/x86_64-linux-gnu]
  collapse library dir [/usr/lib/gcc/x86_64-linux-gnu/5.4.0/../../..] ==> [/usr/lib]
  collapse library dir [/home/boqin/Env/llvm8.0/bin/../lib] ==> [/home/boqin/Env/llvm8.0/lib]
  collapse library dir [/lib] ==> [/lib]
  collapse library dir [/usr/lib] ==> [/usr/lib]
  implicit libs: [gcc;gcc_s;c;gcc;gcc_s]
  implicit dirs: [/usr/lib/gcc/x86_64-linux-gnu/5.4.0;/usr/lib/x86_64-linux-gnu;/lib/x86_64-linux-gnu;/lib64;/usr/lib;/home/boqin/Env/llvm8.0/lib;/lib]
  implicit fwks: []


Determining if the CXX compiler works passed with the following output:
Change Dir: /home/boqin/Projects/Instrument/RustBugDetector/cmake-build-debug/CMakeFiles/CMakeTmp

Run Build Command(s):/usr/bin/make cmTC_1d3cc/fast && /usr/bin/make -f CMakeFiles/cmTC_1d3cc.dir/build.make CMakeFiles/cmTC_1d3cc.dir/build
make[1]: Entering directory '/home/boqin/Projects/Instrument/RustBugDetector/cmake-build-debug/CMakeFiles/CMakeTmp'
Building CXX object CMakeFiles/cmTC_1d3cc.dir/testCXXCompiler.cxx.o
/home/boqin/Env/llvm/bin/clang++     -o CMakeFiles/cmTC_1d3cc.dir/testCXXCompiler.cxx.o -c /home/boqin/Projects/Instrument/RustBugDetector/cmake-build-debug/CMakeFiles/CMakeTmp/testCXXCompiler.cxx
Linking CXX executable cmTC_1d3cc
/snap/clion/88/bin/cmake/linux/bin/cmake -E cmake_link_script CMakeFiles/cmTC_1d3cc.dir/link.txt --verbose=1
/home/boqin/Env/llvm/bin/clang++       -rdynamic CMakeFiles/cmTC_1d3cc.dir/testCXXCompiler.cxx.o  -o cmTC_1d3cc 
make[1]: Leaving directory '/home/boqin/Projects/Instrument/RustBugDetector/cmake-build-debug/CMakeFiles/CMakeTmp'



Detecting CXX compiler ABI info compiled with the following output:
Change Dir: /home/boqin/Projects/Instrument/RustBugDetector/cmake-build-debug/CMakeFiles/CMakeTmp

Run Build Command(s):/usr/bin/make cmTC_1591b/fast && /usr/bin/make -f CMakeFiles/cmTC_1591b.dir/build.make CMakeFiles/cmTC_1591b.dir/build
make[1]: Entering directory '/home/boqin/Projects/Instrument/RustBugDetector/cmake-build-debug/CMakeFiles/CMakeTmp'
Building CXX object CMakeFiles/cmTC_1591b.dir/CMakeCXXCompilerABI.cpp.o
/home/boqin/Env/llvm/bin/clang++    -v -o CMakeFiles/cmTC_1591b.dir/CMakeCXXCompilerABI.cpp.o -c /snap/clion/88/bin/cmake/linux/share/cmake-3.15/Modules/CMakeCXXCompilerABI.cpp
clang version 8.0.0 (tags/RELEASE_800/final)
Target: x86_64-unknown-linux-gnu
Thread model: posix
InstalledDir: /home/boqin/Env/llvm/bin
Found candidate GCC installation: /usr/lib/gcc/x86_64-linux-gnu/5
Found candidate GCC installation: /usr/lib/gcc/x86_64-linux-gnu/5.4.0
Found candidate GCC installation: /usr/lib/gcc/x86_64-linux-gnu/6
Found candidate GCC installation: /usr/lib/gcc/x86_64-linux-gnu/6.0.0
Selected GCC installation: /usr/lib/gcc/x86_64-linux-gnu/5.4.0
Candidate multilib: .;@m64
Candidate multilib: 32;@m32
Candidate multilib: x32;@mx32
Selected multilib: .;@m64
 "/home/boqin/Env/llvm8.0/bin/clang-8" -cc1 -triple x86_64-unknown-linux-gnu -emit-obj -mrelax-all -disable-free -disable-llvm-verifier -discard-value-names -main-file-name CMakeCXXCompilerABI.cpp -mrelocation-model static -mthread-model posix -mdisable-fp-elim -fmath-errno -masm-verbose -mconstructor-aliases -munwind-tables -fuse-init-array -target-cpu x86-64 -dwarf-column-info -debugger-tuning=gdb -v -coverage-notes-file /home/boqin/Projects/Instrument/RustBugDetector/cmake-build-debug/CMakeFiles/CMakeTmp/CMakeFiles/cmTC_1591b.dir/CMakeCXXCompilerABI.cpp.gcno -resource-dir /home/boqin/Env/llvm8.0/lib/clang/8.0.0 -internal-isystem /usr/lib/gcc/x86_64-linux-gnu/5.4.0/../../../../include/c++/5.4.0 -internal-isystem /usr/lib/gcc/x86_64-linux-gnu/5.4.0/../../../../include/x86_64-linux-gnu/c++/5.4.0 -internal-isystem /usr/lib/gcc/x86_64-linux-gnu/5.4.0/../../../../include/x86_64-linux-gnu/c++/5.4.0 -internal-isystem /usr/lib/gcc/x86_64-linux-gnu/5.4.0/../../../../include/c++/5.4.0/backward -internal-isystem /usr/local/include -internal-isystem /home/boqin/Env/llvm8.0/lib/clang/8.0.0/include -internal-externc-isystem /usr/include/x86_64-linux-gnu -internal-externc-isystem /include -internal-externc-isystem /usr/include -fdeprecated-macro -fdebug-compilation-dir /home/boqin/Projects/Instrument/RustBugDetector/cmake-build-debug/CMakeFiles/CMakeTmp -ferror-limit 19 -fmessage-length 0 -fobjc-runtime=gcc -fcxx-exceptions -fexceptions -fdiagnostics-show-option -o CMakeFiles/cmTC_1591b.dir/CMakeCXXCompilerABI.cpp.o -x c++ /snap/clion/88/bin/cmake/linux/share/cmake-3.15/Modules/CMakeCXXCompilerABI.cpp -faddrsig
clang -cc1 version 8.0.0 based upon LLVM 8.0.0 default target x86_64-unknown-linux-gnu
ignoring nonexistent directory "/include"
ignoring duplicate directory "/usr/lib/gcc/x86_64-linux-gnu/5.4.0/../../../../include/x86_64-linux-gnu/c++/5.4.0"
#include "..." search starts here:
#include <...> search starts here:
 /usr/lib/gcc/x86_64-linux-gnu/5.4.0/../../../../include/c++/5.4.0
 /usr/lib/gcc/x86_64-linux-gnu/5.4.0/../../../../include/x86_64-linux-gnu/c++/5.4.0
 /usr/lib/gcc/x86_64-linux-gnu/5.4.0/../../../../include/c++/5.4.0/backward
 /usr/local/include
 /home/boqin/Env/llvm8.0/lib/clang/8.0.0/include
 /usr/include/x86_64-linux-gnu
 /usr/include
End of search list.
Linking CXX executable cmTC_1591b
/snap/clion/88/bin/cmake/linux/bin/cmake -E cmake_link_script CMakeFiles/cmTC_1591b.dir/link.txt --verbose=1
/home/boqin/Env/llvm/bin/clang++      -v -rdynamic CMakeFiles/cmTC_1591b.dir/CMakeCXXCompilerABI.cpp.o  -o cmTC_1591b 
clang version 8.0.0 (tags/RELEASE_800/final)
Target: x86_64-unknown-linux-gnu
Thread model: posix
InstalledDir: /home/boqin/Env/llvm/bin
Found candidate GCC installation: /usr/lib/gcc/x86_64-linux-gnu/5
Found candidate GCC installation: /usr/lib/gcc/x86_64-linux-gnu/5.4.0
Found candidate GCC installation: /usr/lib/gcc/x86_64-linux-gnu/6
Found candidate GCC installation: /usr/lib/gcc/x86_64-linux-gnu/6.0.0
Selected GCC installation: /usr/lib/gcc/x86_64-linux-gnu/5.4.0
Candidate multilib: .;@m64
Candidate multilib: 32;@m32
Candidate multilib: x32;@mx32
Selected multilib: .;@m64
 "/usr/bin/ld" -export-dynamic -z relro --hash-style=gnu --eh-frame-hdr -m elf_x86_64 -export-dynamic -dynamic-linker /lib64/ld-linux-x86-64.so.2 -o cmTC_1591b /usr/lib/gcc/x86_64-linux-gnu/5.4.0/../../../x86_64-linux-gnu/crt1.o /usr/lib/gcc/x86_64-linux-gnu/5.4.0/../../../x86_64-linux-gnu/crti.o /usr/lib/gcc/x86_64-linux-gnu/5.4.0/crtbegin.o -L/usr/lib/gcc/x86_64-linux-gnu/5.4.0 -L/usr/lib/gcc/x86_64-linux-gnu/5.4.0/../../../x86_64-linux-gnu -L/lib/x86_64-linux-gnu -L/lib/../lib64 -L/usr/lib/x86_64-linux-gnu -L/usr/lib/gcc/x86_64-linux-gnu/5.4.0/../../.. -L/home/boqin/Env/llvm8.0/bin/../lib -L/lib -L/usr/lib CMakeFiles/cmTC_1591b.dir/CMakeCXXCompilerABI.cpp.o -lstdc++ -lm -lgcc_s -lgcc -lc -lgcc_s -lgcc /usr/lib/gcc/x86_64-linux-gnu/5.4.0/crtend.o /usr/lib/gcc/x86_64-linux-gnu/5.4.0/../../../x86_64-linux-gnu/crtn.o
make[1]: Leaving directory '/home/boqin/Projects/Instrument/RustBugDetector/cmake-build-debug/CMakeFiles/CMakeTmp'



Parsed CXX implicit include dir info from above output: rv=done
  found start of include info
  found start of implicit include info
    add: [/usr/lib/gcc/x86_64-linux-gnu/5.4.0/../../../../include/c++/5.4.0]
    add: [/usr/lib/gcc/x86_64-linux-gnu/5.4.0/../../../../include/x86_64-linux-gnu/c++/5.4.0]
    add: [/usr/lib/gcc/x86_64-linux-gnu/5.4.0/../../../../include/c++/5.4.0/backward]
    add: [/usr/local/include]
    add: [/home/boqin/Env/llvm8.0/lib/clang/8.0.0/include]
    add: [/usr/include/x86_64-linux-gnu]
    add: [/usr/include]
  end of search list found
  collapse include dir [/usr/lib/gcc/x86_64-linux-gnu/5.4.0/../../../../include/c++/5.4.0] ==> [/usr/include/c++/5.4.0]
  collapse include dir [/usr/lib/gcc/x86_64-linux-gnu/5.4.0/../../../../include/x86_64-linux-gnu/c++/5.4.0] ==> [/usr/include/x86_64-linux-gnu/c++/5.4.0]
  collapse include dir [/usr/lib/gcc/x86_64-linux-gnu/5.4.0/../../../../include/c++/5.4.0/backward] ==> [/usr/include/c++/5.4.0/backward]
  collapse include dir [/usr/local/include] ==> [/usr/local/include]
  collapse include dir [/home/boqin/Env/llvm8.0/lib/clang/8.0.0/include] ==> [/home/boqin/Env/llvm8.0/lib/clang/8.0.0/include]
  collapse include dir [/usr/include/x86_64-linux-gnu] ==> [/usr/include/x86_64-linux-gnu]
  collapse include dir [/usr/include] ==> [/usr/include]
  implicit include dirs: [/usr/include/c++/5.4.0;/usr/include/x86_64-linux-gnu/c++/5.4.0;/usr/include/c++/5.4.0/backward;/usr/local/include;/home/boqin/Env/llvm8.0/lib/clang/8.0.0/include;/usr/include/x86_64-linux-gnu;/usr/include]


Parsed CXX implicit link information from above output:
  link line regex: [^( *|.*[/\])(ld|CMAKE_LINK_STARTFILE-NOTFOUND|([^/\]+-)?ld|collect2)[^/\]*( |$)]
  ignore line: [Change Dir: /home/boqin/Projects/Instrument/RustBugDetector/cmake-build-debug/CMakeFiles/CMakeTmp]
  ignore line: []
  ignore line: [Run Build Command(s):/usr/bin/make cmTC_1591b/fast && /usr/bin/make -f CMakeFiles/cmTC_1591b.dir/build.make CMakeFiles/cmTC_1591b.dir/build]
  ignore line: [make[1]: Entering directory '/home/boqin/Projects/Instrument/RustBugDetector/cmake-build-debug/CMakeFiles/CMakeTmp']
  ignore line: [Building CXX object CMakeFiles/cmTC_1591b.dir/CMakeCXXCompilerABI.cpp.o]
  ignore line: [/home/boqin/Env/llvm/bin/clang++    -v -o CMakeFiles/cmTC_1591b.dir/CMakeCXXCompilerABI.cpp.o -c /snap/clion/88/bin/cmake/linux/share/cmake-3.15/Modules/CMakeCXXCompilerABI.cpp]
  ignore line: [clang version 8.0.0 (tags/RELEASE_800/final)]
  ignore line: [Target: x86_64-unknown-linux-gnu]
  ignore line: [Thread model: posix]
  ignore line: [InstalledDir: /home/boqin/Env/llvm/bin]
  ignore line: [Found candidate GCC installation: /usr/lib/gcc/x86_64-linux-gnu/5]
  ignore line: [Found candidate GCC installation: /usr/lib/gcc/x86_64-linux-gnu/5.4.0]
  ignore line: [Found candidate GCC installation: /usr/lib/gcc/x86_64-linux-gnu/6]
  ignore line: [Found candidate GCC installation: /usr/lib/gcc/x86_64-linux-gnu/6.0.0]
  ignore line: [Selected GCC installation: /usr/lib/gcc/x86_64-linux-gnu/5.4.0]
  ignore line: [Candidate multilib: .]
  ignore line: [@m64]
  ignore line: [Candidate multilib: 32]
  ignore line: [@m32]
  ignore line: [Candidate multilib: x32]
  ignore line: [@mx32]
  ignore line: [Selected multilib: .]
  ignore line: [@m64]
  ignore line: [ "/home/boqin/Env/llvm8.0/bin/clang-8" -cc1 -triple x86_64-unknown-linux-gnu -emit-obj -mrelax-all -disable-free -disable-llvm-verifier -discard-value-names -main-file-name CMakeCXXCompilerABI.cpp -mrelocation-model static -mthread-model posix -mdisable-fp-elim -fmath-errno -masm-verbose -mconstructor-aliases -munwind-tables -fuse-init-array -target-cpu x86-64 -dwarf-column-info -debugger-tuning=gdb -v -coverage-notes-file /home/boqin/Projects/Instrument/RustBugDetector/cmake-build-debug/CMakeFiles/CMakeTmp/CMakeFiles/cmTC_1591b.dir/CMakeCXXCompilerABI.cpp.gcno -resource-dir /home/boqin/Env/llvm8.0/lib/clang/8.0.0 -internal-isystem /usr/lib/gcc/x86_64-linux-gnu/5.4.0/../../../../include/c++/5.4.0 -internal-isystem /usr/lib/gcc/x86_64-linux-gnu/5.4.0/../../../../include/x86_64-linux-gnu/c++/5.4.0 -internal-isystem /usr/lib/gcc/x86_64-linux-gnu/5.4.0/../../../../include/x86_64-linux-gnu/c++/5.4.0 -internal-isystem /usr/lib/gcc/x86_64-linux-gnu/5.4.0/../../../../include/c++/5.4.0/backward -internal-isystem /usr/local/include -internal-isystem /home/boqin/Env/llvm8.0/lib/clang/8.0.0/include -internal-externc-isystem /usr/include/x86_64-linux-gnu -internal-externc-isystem /include -internal-externc-isystem /usr/include -fdeprecated-macro -fdebug-compilation-dir /home/boqin/Projects/Instrument/RustBugDetector/cmake-build-debug/CMakeFiles/CMakeTmp -ferror-limit 19 -fmessage-length 0 -fobjc-runtime=gcc -fcxx-exceptions -fexceptions -fdiagnostics-show-option -o CMakeFiles/cmTC_1591b.dir/CMakeCXXCompilerABI.cpp.o -x c++ /snap/clion/88/bin/cmake/linux/share/cmake-3.15/Modules/CMakeCXXCompilerABI.cpp -faddrsig]
  ignore line: [clang -cc1 version 8.0.0 based upon LLVM 8.0.0 default target x86_64-unknown-linux-gnu]
  ignore line: [ignoring nonexistent directory "/include"]
  ignore line: [ignoring duplicate directory "/usr/lib/gcc/x86_64-linux-gnu/5.4.0/../../../../include/x86_64-linux-gnu/c++/5.4.0"]
  ignore line: [#include "..." search starts here:]
  ignore line: [#include <...> search starts here:]
  ignore line: [ /usr/lib/gcc/x86_64-linux-gnu/5.4.0/../../../../include/c++/5.4.0]
  ignore line: [ /usr/lib/gcc/x86_64-linux-gnu/5.4.0/../../../../include/x86_64-linux-gnu/c++/5.4.0]
  ignore line: [ /usr/lib/gcc/x86_64-linux-gnu/5.4.0/../../../../include/c++/5.4.0/backward]
  ignore line: [ /usr/local/include]
  ignore line: [ /home/boqin/Env/llvm8.0/lib/clang/8.0.0/include]
  ignore line: [ /usr/include/x86_64-linux-gnu]
  ignore line: [ /usr/include]
  ignore line: [End of search list.]
  ignore line: [Linking CXX executable cmTC_1591b]
  ignore line: [/snap/clion/88/bin/cmake/linux/bin/cmake -E cmake_link_script CMakeFiles/cmTC_1591b.dir/link.txt --verbose=1]
  ignore line: [/home/boqin/Env/llvm/bin/clang++      -v -rdynamic CMakeFiles/cmTC_1591b.dir/CMakeCXXCompilerABI.cpp.o  -o cmTC_1591b ]
  ignore line: [clang version 8.0.0 (tags/RELEASE_800/final)]
  ignore line: [Target: x86_64-unknown-linux-gnu]
  ignore line: [Thread model: posix]
  ignore line: [InstalledDir: /home/boqin/Env/llvm/bin]
  ignore line: [Found candidate GCC installation: /usr/lib/gcc/x86_64-linux-gnu/5]
  ignore line: [Found candidate GCC installation: /usr/lib/gcc/x86_64-linux-gnu/5.4.0]
  ignore line: [Found candidate GCC installation: /usr/lib/gcc/x86_64-linux-gnu/6]
  ignore line: [Found candidate GCC installation: /usr/lib/gcc/x86_64-linux-gnu/6.0.0]
  ignore line: [Selected GCC installation: /usr/lib/gcc/x86_64-linux-gnu/5.4.0]
  ignore line: [Candidate multilib: .]
  ignore line: [@m64]
  ignore line: [Candidate multilib: 32]
  ignore line: [@m32]
  ignore line: [Candidate multilib: x32]
  ignore line: [@mx32]
  ignore line: [Selected multilib: .]
  ignore line: [@m64]
  link line: [ "/usr/bin/ld" -export-dynamic -z relro --hash-style=gnu --eh-frame-hdr -m elf_x86_64 -export-dynamic -dynamic-linker /lib64/ld-linux-x86-64.so.2 -o cmTC_1591b /usr/lib/gcc/x86_64-linux-gnu/5.4.0/../../../x86_64-linux-gnu/crt1.o /usr/lib/gcc/x86_64-linux-gnu/5.4.0/../../../x86_64-linux-gnu/crti.o /usr/lib/gcc/x86_64-linux-gnu/5.4.0/crtbegin.o -L/usr/lib/gcc/x86_64-linux-gnu/5.4.0 -L/usr/lib/gcc/x86_64-linux-gnu/5.4.0/../../../x86_64-linux-gnu -L/lib/x86_64-linux-gnu -L/lib/../lib64 -L/usr/lib/x86_64-linux-gnu -L/usr/lib/gcc/x86_64-linux-gnu/5.4.0/../../.. -L/home/boqin/Env/llvm8.0/bin/../lib -L/lib -L/usr/lib CMakeFiles/cmTC_1591b.dir/CMakeCXXCompilerABI.cpp.o -lstdc++ -lm -lgcc_s -lgcc -lc -lgcc_s -lgcc /usr/lib/gcc/x86_64-linux-gnu/5.4.0/crtend.o /usr/lib/gcc/x86_64-linux-gnu/5.4.0/../../../x86_64-linux-gnu/crtn.o]
    arg [/usr/bin/ld] ==> ignore
    arg [-export-dynamic] ==> ignore
    arg [-zrelro] ==> ignore
    arg [--hash-style=gnu] ==> ignore
    arg [--eh-frame-hdr] ==> ignore
    arg [-m] ==> ignore
    arg [elf_x86_64] ==> ignore
    arg [-export-dynamic] ==> ignore
    arg [-dynamic-linker] ==> ignore
    arg [/lib64/ld-linux-x86-64.so.2] ==> ignore
    arg [-o] ==> ignore
    arg [cmTC_1591b] ==> ignore
    arg [/usr/lib/gcc/x86_64-linux-gnu/5.4.0/../../../x86_64-linux-gnu/crt1.o] ==> ignore
    arg [/usr/lib/gcc/x86_64-linux-gnu/5.4.0/../../../x86_64-linux-gnu/crti.o] ==> ignore
    arg [/usr/lib/gcc/x86_64-linux-gnu/5.4.0/crtbegin.o] ==> ignore
    arg [-L/usr/lib/gcc/x86_64-linux-gnu/5.4.0] ==> dir [/usr/lib/gcc/x86_64-linux-gnu/5.4.0]
    arg [-L/usr/lib/gcc/x86_64-linux-gnu/5.4.0/../../../x86_64-linux-gnu] ==> dir [/usr/lib/gcc/x86_64-linux-gnu/5.4.0/../../../x86_64-linux-gnu]
    arg [-L/lib/x86_64-linux-gnu] ==> dir [/lib/x86_64-linux-gnu]
    arg [-L/lib/../lib64] ==> dir [/lib/../lib64]
    arg [-L/usr/lib/x86_64-linux-gnu] ==> dir [/usr/lib/x86_64-linux-gnu]
    arg [-L/usr/lib/gcc/x86_64-linux-gnu/5.4.0/../../..] ==> dir [/usr/lib/gcc/x86_64-linux-gnu/5.4.0/../../..]
    arg [-L/home/boqin/Env/llvm8.0/bin/../lib] ==> dir [/home/boqin/Env/llvm8.0/bin/../lib]
    arg [-L/lib] ==> dir [/lib]
    arg [-L/usr/lib] ==> dir [/usr/lib]
    arg [CMakeFiles/cmTC_1591b.dir/CMakeCXXCompilerABI.cpp.o] ==> ignore
    arg [-lstdc++] ==> lib [stdc++]
    arg [-lm] ==> lib [m]
    arg [-lgcc_s] ==> lib [gcc_s]
    arg [-lgcc] ==> lib [gcc]
    arg [-lc] ==> lib [c]
    arg [-lgcc_s] ==> lib [gcc_s]
    arg [-lgcc] ==> lib [gcc]
    arg [/usr/lib/gcc/x86_64-linux-gnu/5.4.0/crtend.o] ==> ignore
    arg [/usr/lib/gcc/x86_64-linux-gnu/5.4.0/../../../x86_64-linux-gnu/crtn.o] ==> ignore
  collapse library dir [/usr/lib/gcc/x86_64-linux-gnu/5.4.0] ==> [/usr/lib/gcc/x86_64-linux-gnu/5.4.0]
  collapse library dir [/usr/lib/gcc/x86_64-linux-gnu/5.4.0/../../../x86_64-linux-gnu] ==> [/usr/lib/x86_64-linux-gnu]
  collapse library dir [/lib/x86_64-linux-gnu] ==> [/lib/x86_64-linux-gnu]
  collapse library dir [/lib/../lib64] ==> [/lib64]
  collapse library dir [/usr/lib/x86_64-linux-gnu] ==> [/usr/lib/x86_64-linux-gnu]
  collapse library dir [/usr/lib/gcc/x86_64-linux-gnu/5.4.0/../../..] ==> [/usr/lib]
  collapse library dir [/home/boqin/Env/llvm8.0/bin/../lib] ==> [/home/boqin/Env/llvm8.0/lib]
  collapse library dir [/lib] ==> [/lib]
  collapse library dir [/usr/lib] ==> [/usr/lib]
  implicit libs: [stdc++;m;gcc_s;gcc;c;gcc_s;gcc]
  implicit dirs: [/usr/lib/gcc/x86_64-linux-gnu/5.4.0;/usr/lib/x86_64-linux-gnu;/lib/x86_64-linux-gnu;/lib64;/usr/lib;/home/boqin/Env/llvm8.0/lib;/lib]
  implicit fwks: []


